{
  "schema_version": "2.0",
  "task_id": "03-01",
  "project_id": "installation-environment-detection",
  "step_type": "atdd",
  "execution_agent": "software-crafter",

  "self_contained_context": {
    "background": "The installer needs human-readable error formatting for terminal output. This module provides the [ERROR]/[FIX]/[THEN] structure for actionable error messages.",
    "prerequisites": [
      "01-01: Error Codes Module must be complete",
      "01-02: Context Detector - Terminal/Claude Detection must be complete"
    ],
    "relevant_files": [
      "scripts/install/error_codes.py",
      "scripts/install/context_detector.py",
      "scripts/install/",
      "tests/unit/"
    ],
    "technical_context": "Create output_formatter.py with format_terminal_error() function. Use [ERROR] prefix for error description, [FIX] prefix for remediation action, [THEN] prefix for next steps. Support ANSI colors for terminal. Use context_detector to determine output mode."
  },

  "task_specification": {
    "name": "Terminal Error Formatting",
    "description": "Create output_formatter.py with terminal-friendly error formatting. Use [ERROR]/[FIX]/[THEN] structure. Human-readable messages.",
    "motivation": "Clear, structured error messages help users quickly understand and resolve installation issues without searching documentation.",
    "detailed_instructions": "1. Create scripts/install/output_formatter.py with OutputFormatter class. 2. Implement format_terminal_error() with [ERROR]/[FIX]/[THEN] structure. 3. Add ANSI color support for terminal readability. 4. Use context_detector for output mode selection. 5. Create tests/unit/test_output_formatter.py.",
    "acceptance_criteria": "Terminal error format uses ERROR/FIX/THEN structure; Missing dependency error shows module name in terminal; Permission error provides clear terminal guidance",
    "estimated_hours": 1
  },

  "dependencies": {
    "requires": ["01-01", "01-02"],
    "blocking": ["03-02"]
  },

  "state": {
    "status": "TODO",
    "assigned_to": null,
    "started_at": null,
    "completed_at": null
  },

  "tdd_cycle": {
    "acceptance_test": {
      "scenario_name": "Terminal error format uses ERROR/FIX/THEN structure",
      "test_file": "tests/acceptance/installation/test_output_formatter.feature",
      "test_file_format": "py_pytest",
      "scenario_index": 0,
      "initially_ignored": true,
      "is_walking_skeleton": false,
      "mapped_scenario": {
        "description": "Validates terminal error formatting structure",
        "scenario_function": "test_terminal_error_format_structure",
        "scenario_description": "Terminal error format uses ERROR/FIX/THEN structure",
        "mapping_type": "feature",
        "notes": "First of 3 scenarios for terminal formatting"
      }
    },
    "expected_unit_tests": [
      "test_format_terminal_error_structure",
      "test_format_terminal_error_with_colors",
      "test_format_dependency_error",
      "test_format_permission_error",
      "test_format_venv_error"
    ],
    "mock_boundaries": {
      "allowed_ports": [],
      "forbidden_domain_classes": ["OutputFormatter"],
      "in_memory_adapters": []
    },
    "tdd_phase_tracking": {
      "current_phase": "NOT_STARTED",
      "active_e2e_test": "",
      "inactive_e2e_tests": "All other @skip scenarios remain disabled",
      "phases_completed": [],
      "test_results": {
        "total": null,
        "passed": null,
        "failed": null,
        "skipped": null
      }
    },
    "phase_execution_log": [
      {"phase_name": "PREPARE", "phase_index": 0, "status": "NOT_EXECUTED", "started_at": null, "ended_at": null, "duration_minutes": null, "outcome": null, "notes": null, "blocked_by": null},
      {"phase_name": "RED_ACCEPTANCE", "phase_index": 1, "status": "NOT_EXECUTED", "started_at": null, "ended_at": null, "duration_minutes": null, "outcome": null, "notes": null, "blocked_by": null},
      {"phase_name": "RED_UNIT", "phase_index": 2, "status": "NOT_EXECUTED", "started_at": null, "ended_at": null, "duration_minutes": null, "outcome": null, "notes": null, "blocked_by": null},
      {"phase_name": "GREEN", "phase_index": 3, "status": "NOT_EXECUTED", "started_at": null, "ended_at": null, "duration_minutes": null, "outcome": null, "notes": null, "blocked_by": null},
      {"phase_name": "REVIEW", "phase_index": 4, "status": "NOT_EXECUTED", "started_at": null, "ended_at": null, "duration_minutes": null, "outcome": null, "notes": null, "blocked_by": null},
      {"phase_name": "REFACTOR_CONTINUOUS", "phase_index": 5, "status": "NOT_EXECUTED", "started_at": null, "ended_at": null, "duration_minutes": null, "outcome": null, "notes": null, "blocked_by": null},
      {"phase_name": "REFACTOR_L4", "phase_index": 6, "status": "NOT_EXECUTED", "started_at": null, "ended_at": null, "duration_minutes": null, "outcome": null, "notes": null, "blocked_by": null},
      {"phase_name": "COMMIT", "phase_index": 7, "status": "NOT_EXECUTED", "started_at": null, "ended_at": null, "duration_minutes": null, "outcome": null, "notes": null, "blocked_by": null}
    ]
  },

  "quality_gates": {
    "test_coverage_minimum": 80,
    "all_acceptance_tests_pass": true,
    "no_linting_errors": true
  }
}
