{
  "step_id": "03-03",
  "task_specification": {
    "task_id": "US005-03-03",
    "title": "Integrate recovery suggestions with validation error messages",
    "description": "Enhance validation error messages (AC-005.4) with inline fix guidance.\n\nCurrent State: \"FAILED: Section TDD_14_PHASES not found\"\nEnhanced State: \"FAILED: Section TDD_14_PHASES not found.\n                 FIX: Add TDD_14_PHASES section with all 14 phases enumerated\n                 (PREPARE through COMMIT).\"\n\nImplementation:\n- Extend ValidationResult to include recovery_guidance field\n- Generate fix guidance for each validation failure type\n- Append \"FIX:\" prefix to guidance\n- Include section/phase name for context\n- Include positioning hints for phase insertions",
    "acceptance_criteria": [
      "Validation errors include \"FIX:\" guidance",
      "Fix guidance is specific (not generic \"fix it\")",
      "Phase insertions include positioning hints (after, between)",
      "Guidance explains what to add and why",
      "Guidance is inline in error message"
    ]
  },
  "phase_id": "03",
  "phase_name": "Recovery Guidance Formatting and Integration",
  "required_acceptance_test": "test_scenario_007_validation_error_includes_inline_fix_guidance",
  "test_scenario_coverage": "AC-005.4 - Validation error fix guidance",
  "dependencies": [
    "02-03"
  ],
  "estimated_hours": 3,
  "tdd_cycle": {
    "phase_1_prepare": {
      "status": "NOT_EXECUTED",
      "description": "Remove @skip from target acceptance test scenario"
    },
    "phase_2_red_acceptance": {
      "status": "NOT_EXECUTED",
      "description": "Run acceptance test - MUST fail for valid reason"
    },
    "phase_3_red_unit": {
      "status": "NOT_EXECUTED",
      "description": "Write unit test that fails for CORRECT reason"
    },
    "phase_4_green_unit": {
      "status": "NOT_EXECUTED",
      "description": "Implement MINIMAL code to pass unit test"
    },
    "phase_5_check": {
      "status": "NOT_EXECUTED",
      "description": "Check if acceptance test passes now"
    },
    "phase_6_green_acceptance": {
      "status": "NOT_EXECUTED",
      "description": "Run ALL tests - unit + acceptance"
    },
    "phase_7_review": {
      "status": "NOT_EXECUTED",
      "description": "Mandatory peer review of implementation quality"
    },
    "phase_8_refactor": {
      "status": "NOT_EXECUTED",
      "description": "Progressive refactoring L1-L4 with validation"
    },
    "phase_9_post_refactor_review": {
      "status": "NOT_EXECUTED",
      "description": "Review after refactoring complete"
    },
    "phase_10_final_validate": {
      "status": "NOT_EXECUTED",
      "description": "Run ALL tests before commit"
    },
    "phase_11_commit": {
      "status": "NOT_EXECUTED",
      "description": "Commit this step's work with detailed message"
    }
  },
  "validation": {
    "approved": true,
    "quality_gates": [
      "Unit tests passing for validation error enhancement",
      "Acceptance test scenario passing",
      "No regressions in existing tests",
      "Code review approval"
    ]
  }
}
